2026-05-02 00:05:58,309 [ERROR] LogOutputStream:75 - [STDERR_REDIRECT] 
2026-05-02 00:06:10,276 [INFO] Activator:176 - 


2026-05-02 00:06:10,278 [INFO] Activator:177 - !SESSION log4j initialized
2026-05-02 00:06:13,061 [INFO] LogOutputStream:77 - [STDOUT_REDIRECT] 
2026-05-02 00:06:14,966 [INFO] ApplicationProperties:184 - Using Application install path: C:\ST\STM32CubeIDE_1.19.0\STM32CubeIDE\plugins\com.st.stm32cube.common.mx_6.15.0.202507011659
2026-05-02 00:06:14,982 [INFO] DbMcusXml:78 - Set database path to: C:\ST\STM32CubeIDE_1.19.0\STM32CubeIDE\plugins\com.st.stm32cube.common.mx_6.15.0.202507011659\\db\/mcu/
2026-05-02 00:06:14,985 [INFO] ApiDb:274 - Set plugin database path to: C:\ST\STM32CubeIDE_1.19.0\STM32CubeIDE\plugins\com.st.stm32cube.common.mx_6.15.0.202507011659\\db\/plugins/boardmanager/
2026-05-02 00:06:14,986 [WARN] ApiDb:259 - Overriding images path with different value:  => C:\ST\STM32CubeIDE_1.19.0\STM32CubeIDE\plugins\com.st.stm32cube.common.mx_6.15.0.202507011659\\db\/plugins/mcufinder/images/
2026-05-02 00:06:14,991 [INFO] ApiDb:250 - Set database path to: C:\Users\tongl\.stmcufinder\plugins\mcufinder//mcu/
2026-05-02 00:06:14,992 [INFO] DbMcusAds:125 - Set database path to: C:\Users\tongl\.stmcufinder\plugins\mcufinder//mcu/
2026-05-02 00:06:14,994 [INFO] CrossReferenceDbSqlite:203 - Set database path to: C:\Users\tongl\.stmcufinder\plugins\mcufinder//mcu/cs/
2026-05-02 00:06:15,091 [INFO] RulesReader:64 - Compatibility file has been processed (317 Rules)
2026-05-02 00:06:15,157 [INFO] DbMcusXml:78 - Set database path to: C:\ST\STM32CubeIDE_1.19.0\STM32CubeIDE\plugins\com.st.stm32cube.common.mx_6.15.0.202507011659\\db\/mcu/
2026-05-02 00:06:15,157 [INFO] ApiDb:274 - Set plugin database path to: C:\ST\STM32CubeIDE_1.19.0\STM32CubeIDE\plugins\com.st.stm32cube.common.mx_6.15.0.202507011659\\db\/plugins/boardmanager/
2026-05-02 00:06:15,157 [INFO] ApiDb:261 - Set plugin images path to: C:\ST\STM32CubeIDE_1.19.0\STM32CubeIDE\plugins\com.st.stm32cube.common.mx_6.15.0.202507011659\\db\/plugins/mcufinder/images/
2026-05-02 00:06:15,157 [WARN] DbFile:41 - Overriding database path with different value: C:\Users\tongl\.stmcufinder\plugins\mcufinder/ => C:\Users\tongl\.stmcufinder\plugins\mcufinder
2026-05-02 00:06:15,157 [INFO] ApiDb:250 - Set database path to: C:\Users\tongl\.stmcufinder\plugins\mcufinder//mcu/
2026-05-02 00:06:15,157 [WARN] DbFile:41 - Overriding database path with different value: C:\Users\tongl\.stmcufinder\plugins\mcufinder/ => C:\Users\tongl\.stmcufinder\plugins\mcufinder
2026-05-02 00:06:15,157 [INFO] DbMcusAds:125 - Set database path to: C:\Users\tongl\.stmcufinder\plugins\mcufinder//mcu/
2026-05-02 00:06:15,158 [WARN] DbFile:41 - Overriding database path with different value: C:\Users\tongl\.stmcufinder\plugins\mcufinder/ => C:\Users\tongl\.stmcufinder\plugins\mcufinder
2026-05-02 00:06:15,158 [WARN] DbFile:41 - Overriding database path with different value: C:\Users\tongl\.stmcufinder\plugins\mcufinder/ => C:\Users\tongl\.stmcufinder\plugins\mcufinder
2026-05-02 00:06:15,158 [INFO] CrossReferenceDbSqlite:203 - Set database path to: C:\Users\tongl\.stmcufinder\plugins\mcufinder//mcu/cs/
2026-05-02 00:06:15,219 [INFO] MainPanel:274 - HeapMemory: 268435456
2026-05-02 00:06:15,291 [INFO] DbMcusXml:78 - Set database path to: C:\ST\STM32CubeIDE_1.19.0\STM32CubeIDE\plugins\com.st.stm32cube.common.mx_6.15.0.202507011659\\db\/mcu/
2026-05-02 00:06:15,291 [INFO] ApiDb:274 - Set plugin database path to: C:\ST\STM32CubeIDE_1.19.0\STM32CubeIDE\plugins\com.st.stm32cube.common.mx_6.15.0.202507011659\\db\/plugins/boardmanager/
2026-05-02 00:06:15,291 [INFO] ApiDb:261 - Set plugin images path to: C:\ST\STM32CubeIDE_1.19.0\STM32CubeIDE\plugins\com.st.stm32cube.common.mx_6.15.0.202507011659\\db\/plugins/mcufinder/images/
2026-05-02 00:06:15,292 [WARN] DbFile:41 - Overriding database path with different value: C:\Users\tongl\.stmcufinder\plugins\mcufinder/ => C:\Users\tongl\.stmcufinder\plugins\mcufinder
2026-05-02 00:06:15,292 [INFO] ApiDb:250 - Set database path to: C:\Users\tongl\.stmcufinder\plugins\mcufinder//mcu/
2026-05-02 00:06:15,292 [WARN] DbFile:41 - Overriding database path with different value: C:\Users\tongl\.stmcufinder\plugins\mcufinder/ => C:\Users\tongl\.stmcufinder\plugins\mcufinder
2026-05-02 00:06:15,292 [INFO] DbMcusAds:125 - Set database path to: C:\Users\tongl\.stmcufinder\plugins\mcufinder//mcu/
2026-05-02 00:06:15,292 [WARN] DbFile:41 - Overriding database path with different value: C:\Users\tongl\.stmcufinder\plugins\mcufinder/ => C:\Users\tongl\.stmcufinder\plugins\mcufinder
2026-05-02 00:06:15,292 [WARN] DbFile:41 - Overriding database path with different value: C:\Users\tongl\.stmcufinder\plugins\mcufinder/ => C:\Users\tongl\.stmcufinder\plugins\mcufinder
2026-05-02 00:06:15,292 [INFO] CrossReferenceDbSqlite:203 - Set database path to: C:\Users\tongl\.stmcufinder\plugins\mcufinder//mcu/cs/
2026-05-02 00:06:15,307 [INFO] ApplicationProperties:184 - Using Application install path: C:\ST\STM32CubeIDE_1.19.0\STM32CubeIDE\plugins\com.st.stm32cube.common.mx_6.15.0.202507011659
2026-05-02 00:06:15,308 [INFO] PluginManage:196 - Search for loadable plugins [exclusion list=, ]
2026-05-02 00:06:15,309 [INFO] PluginManage:310 - Check plugin analytics
2026-05-02 00:06:15,473 [INFO] AnalyticsPlugin:253 - Accepted Software Licenses: 
2026-05-02 00:06:15,473 [INFO] AnalyticsPlugin:255 - Accepted CMSIS Pack Licenses: 
2026-05-02 00:06:15,473 [INFO] AnalyticsPlugin:257 - Accepted Firmware Licenses: 
2026-05-02 00:06:15,476 [INFO] PluginManage:359 - Loaded plugin analytics (category:tool,tabindex:-1)
2026-05-02 00:06:15,476 [INFO] PluginManage:310 - Check plugin cadmodel
2026-05-02 00:06:15,480 [INFO] CADModel:105 - Init CAD model plugin
2026-05-02 00:06:15,480 [INFO] PluginManage:359 - Loaded plugin cadmodel (category:power,tabindex:5)
2026-05-02 00:06:15,480 [INFO] PluginManage:310 - Check plugin clock
2026-05-02 00:06:15,489 [INFO] PluginManage:359 - Loaded plugin clock (category:base,tabindex:2)
2026-05-02 00:06:15,489 [INFO] PluginManage:310 - Check plugin ddr
2026-05-02 00:06:15,491 [INFO] PluginManage:359 - Loaded plugin ddr (category:tool,tabindex:6)
2026-05-02 00:06:15,492 [INFO] PluginManage:310 - Check plugin filemanager
2026-05-02 00:06:15,683 [INFO] PluginManage:359 - Loaded plugin filemanager (category:base,tabindex:10)
2026-05-02 00:06:15,683 [INFO] PluginManage:310 - Check plugin ipmanager
2026-05-02 00:06:15,693 [INFO] PluginManage:359 - Loaded plugin ipmanager (category:base,tabindex:5)
2026-05-02 00:06:15,693 [INFO] PluginManage:310 - Check plugin lpbam
2026-05-02 00:06:15,704 [INFO] PluginManage:359 - Loaded plugin lpbam (category:base,tabindex:0)
2026-05-02 00:06:15,704 [INFO] PluginManage:310 - Check plugin memorymap
2026-05-02 00:06:15,720 [INFO] PluginManage:359 - Loaded plugin memorymap (category:base,tabindex:4)
2026-05-02 00:06:15,720 [INFO] PluginManage:310 - Check plugin pinoutandconfiguration
2026-05-02 00:06:15,731 [INFO] PluginManage:359 - Loaded plugin pinoutandconfiguration (category:base,tabindex:1)
2026-05-02 00:06:15,731 [INFO] PluginManage:310 - Check plugin pinoutconfig
2026-05-02 00:06:15,806 [WARN] SupportedApi:132 - Cannot load RTOS API schema: s4s-elt-must-match.1: The content of 'definitions' must match (annotation?, (simpleType | complexType)?, (unique | key | keyref)*)). A problem was found starting at: attribute.
2026-05-02 00:06:15,910 [INFO] PluginManage:359 - Loaded plugin pinoutconfig (category:base,tabindex:0)
2026-05-02 00:06:15,910 [INFO] PluginManage:310 - Check plugin power
2026-05-02 00:06:15,917 [INFO] PluginManage:359 - Loaded plugin power (category:power,tabindex:4)
2026-05-02 00:06:15,917 [INFO] PluginManage:310 - Check plugin projectmanager
2026-05-02 00:06:15,931 [INFO] PluginManage:359 - Loaded plugin projectmanager (category:projectmanager,tabindex:4)
2026-05-02 00:06:15,932 [INFO] PluginManage:310 - Check plugin rif
2026-05-02 00:06:15,938 [INFO] PluginManage:359 - Loaded plugin rif (category:base,tabindex:3)
2026-05-02 00:06:15,938 [INFO] PluginManage:310 - Check plugin thirdparty
2026-05-02 00:06:16,037 [INFO] PluginManage:359 - Loaded plugin thirdparty (category:base,tabindex:-1)
2026-05-02 00:06:16,037 [INFO] PluginManage:310 - Check plugin tools
2026-05-02 00:06:16,037 [WARN] IntegrityCheckThread:84 - waiting for thirdparty lock release [integrity check]
2026-05-02 00:06:16,037 [INFO] IntegrityCheckThread:86 - entering critical section [integrity check]
2026-05-02 00:06:16,038 [INFO] ThirdPartyUpdaterWithRetryManager:70 - Updater plugin not ready yet. [1/15]
2026-05-02 00:06:16,039 [INFO] PluginManage:359 - Loaded plugin tools (category:base,tabindex:7)
2026-05-02 00:06:16,039 [INFO] PluginManage:310 - Check plugin tutovideos
2026-05-02 00:06:16,184 [INFO] PluginManage:359 - Loaded plugin tutovideos (category:base,tabindex:-1)
2026-05-02 00:06:16,184 [INFO] PluginManage:310 - Check plugin updater
2026-05-02 00:06:16,203 [INFO] PluginManage:359 - Loaded plugin updater (category:base,tabindex:12)
2026-05-02 00:06:16,204 [INFO] PluginManage:310 - Check plugin userauth
2026-05-02 00:06:16,207 [INFO] UserAuth:118 - Init User Auth plugin
2026-05-02 00:06:16,207 [INFO] PluginManage:359 - Loaded plugin userauth (category:base,tabindex:14)
2026-05-02 00:06:16,208 [INFO] PluginManage:283 - PluginManage : Loaded plugins [18]
2026-05-02 00:06:16,390 [INFO] PinOutPanel:1589 - setPackage(No Configuration,No Configuration)
2026-05-02 00:06:16,465 [INFO] CADModel:165 - CPN selected for project level
2026-05-02 00:06:16,465 [INFO] CADModel:114 - Register for checkConnection events
2026-05-02 00:06:16,479 [INFO] IPUIPlugin:80 - create IPUIPlugin
2026-05-02 00:06:16,480 [INFO] PluginManager:220 - loadIPPluginJar : add adc
2026-05-02 00:06:16,482 [INFO] IPUIPlugin:80 - create IPUIPlugin
2026-05-02 00:06:16,482 [INFO] PluginManager:220 - loadIPPluginJar : add aes
2026-05-02 00:06:16,484 [INFO] IPUIPlugin:80 - create IPUIPlugin
2026-05-02 00:06:16,485 [INFO] PluginManager:220 - loadIPPluginJar : add can
2026-05-02 00:06:16,486 [INFO] IPUIPlugin:80 - create IPUIPlugin
2026-05-02 00:06:16,486 [INFO] PluginManager:220 - loadIPPluginJar : add comp
2026-05-02 00:06:16,488 [INFO] IPUIPlugin:80 - create IPUIPlugin
2026-05-02 00:06:16,488 [INFO] PluginManager:220 - loadIPPluginJar : add cryp
2026-05-02 00:06:16,490 [INFO] IPUIPlugin:80 - create IPUIPlugin
2026-05-02 00:06:16,490 [INFO] PluginManager:220 - loadIPPluginJar : add ddr_ctrl_phy
2026-05-02 00:06:16,492 [INFO] IPUIPlugin:80 - create IPUIPlugin
2026-05-02 00:06:16,492 [INFO] PluginManager:220 - loadIPPluginJar : add dfsdm
2026-05-02 00:06:16,498 [INFO] IPUIPlugin:80 - create IPUIPlugin
2026-05-02 00:06:16,499 [INFO] PluginManager:220 - loadIPPluginJar : add dma
2026-05-02 00:06:16,502 [INFO] IPUIPlugin:80 - create IPUIPlugin
2026-05-02 00:06:16,502 [INFO] PluginManager:220 - loadIPPluginJar : add dma3
2026-05-02 00:06:16,504 [INFO] IPUIPlugin:80 - create IPUIPlugin
2026-05-02 00:06:16,504 [INFO] PluginManager:220 - loadIPPluginJar : add extmemmanager
2026-05-02 00:06:16,506 [INFO] IPUIPlugin:80 - create IPUIPlugin
2026-05-02 00:06:16,506 [INFO] PluginManager:220 - loadIPPluginJar : add fatfs
2026-05-02 00:06:16,510 [INFO] IPUIPlugin:80 - create IPUIPlugin
2026-05-02 00:06:16,510 [INFO] PluginManager:220 - loadIPPluginJar : add fmc
2026-05-02 00:06:16,516 [INFO] IPUIPlugin:80 - create IPUIPlugin
2026-05-02 00:06:16,516 [INFO] PluginManager:220 - loadIPPluginJar : add freertos
2026-05-02 00:06:16,517 [INFO] IPUIPlugin:80 - create IPUIPlugin
2026-05-02 00:06:16,518 [INFO] PluginManager:220 - loadIPPluginJar : add genericplugin
2026-05-02 00:06:16,520 [INFO] IPUIPlugin:80 - create IPUIPlugin
2026-05-02 00:06:16,520 [INFO] PluginManager:220 - loadIPPluginJar : add gfxmmu
2026-05-02 00:06:16,523 [INFO] IPUIPlugin:80 - create IPUIPlugin
2026-05-02 00:06:16,523 [INFO] PluginManager:220 - loadIPPluginJar : add gic
2026-05-02 00:06:16,527 [INFO] IPUIPlugin:80 - create IPUIPlugin
2026-05-02 00:06:16,527 [INFO] PluginManager:220 - loadIPPluginJar : add gpio
2026-05-02 00:06:16,530 [INFO] IPUIPlugin:80 - create IPUIPlugin
2026-05-02 00:06:16,530 [INFO] PluginManager:220 - loadIPPluginJar : add gtzc
2026-05-02 00:06:16,532 [INFO] IPUIPlugin:80 - create IPUIPlugin
2026-05-02 00:06:16,532 [INFO] PluginManager:220 - loadIPPluginJar : add hash
2026-05-02 00:06:16,535 [INFO] IPUIPlugin:80 - create IPUIPlugin
2026-05-02 00:06:16,535 [INFO] PluginManager:220 - loadIPPluginJar : add i2c
2026-05-02 00:06:16,537 [INFO] IPUIPlugin:80 - create IPUIPlugin
2026-05-02 00:06:16,537 [INFO] PluginManager:220 - loadIPPluginJar : add i2s
2026-05-02 00:06:16,540 [INFO] IPUIPlugin:80 - create IPUIPlugin
2026-05-02 00:06:16,540 [INFO] PluginManager:220 - loadIPPluginJar : add i3c
2026-05-02 00:06:16,543 [INFO] IPUIPlugin:80 - create IPUIPlugin
2026-05-02 00:06:16,543 [INFO] PluginManager:220 - loadIPPluginJar : add ipddr
2026-05-02 00:06:16,548 [INFO] IPUIPlugin:80 - create IPUIPlugin
2026-05-02 00:06:16,548 [INFO] PluginManager:220 - loadIPPluginJar : add linkedlist
2026-05-02 00:06:16,552 [INFO] IPUIPlugin:80 - create IPUIPlugin
2026-05-02 00:06:16,552 [INFO] PluginManager:220 - loadIPPluginJar : add lorawan
2026-05-02 00:06:16,553 [INFO] IPUIPlugin:80 - create IPUIPlugin
2026-05-02 00:06:16,553 [INFO] PluginManager:220 - loadIPPluginJar : add ltdc
2026-05-02 00:06:16,557 [INFO] IPUIPlugin:80 - create IPUIPlugin
2026-05-02 00:06:16,557 [INFO] PluginManager:220 - loadIPPluginJar : add mdma
2026-05-02 00:06:16,560 [INFO] IPUIPlugin:80 - create IPUIPlugin
2026-05-02 00:06:16,560 [INFO] PluginManager:220 - loadIPPluginJar : add nvic
2026-05-02 00:06:16,563 [INFO] IPUIPlugin:80 - create IPUIPlugin
2026-05-02 00:06:16,563 [INFO] PluginManager:220 - loadIPPluginJar : add opamp
2026-05-02 00:06:16,565 [INFO] IPUIPlugin:80 - create IPUIPlugin
2026-05-02 00:06:16,565 [INFO] PluginManager:220 - loadIPPluginJar : add openamp
2026-05-02 00:06:16,567 [INFO] IPUIPlugin:80 - create IPUIPlugin
2026-05-02 00:06:16,568 [INFO] PluginManager:220 - loadIPPluginJar : add pdm2pcm
2026-05-02 00:06:16,573 [INFO] IPUIPlugin:80 - create IPUIPlugin
2026-05-02 00:06:16,575 [INFO] PluginManager:220 - loadIPPluginJar : add plateformsettings
2026-05-02 00:06:16,576 [INFO] IPUIPlugin:80 - create IPUIPlugin
2026-05-02 00:06:16,577 [INFO] PluginManager:220 - loadIPPluginJar : add quadspi
2026-05-02 00:06:16,578 [INFO] IPUIPlugin:80 - create IPUIPlugin
2026-05-02 00:06:16,578 [INFO] PluginManager:220 - loadIPPluginJar : add radio
2026-05-02 00:06:16,580 [INFO] IPUIPlugin:80 - create IPUIPlugin
2026-05-02 00:06:16,580 [INFO] PluginManager:220 - loadIPPluginJar : add resmgrutility
2026-05-02 00:06:16,582 [INFO] IPUIPlugin:80 - create IPUIPlugin
2026-05-02 00:06:16,583 [INFO] PluginManager:220 - loadIPPluginJar : add sai
2026-05-02 00:06:16,585 [INFO] IPUIPlugin:80 - create IPUIPlugin
2026-05-02 00:06:16,585 [INFO] PluginManager:220 - loadIPPluginJar : add spi
2026-05-02 00:06:16,590 [INFO] IPUIPlugin:80 - create IPUIPlugin
2026-05-02 00:06:16,590 [INFO] PluginManager:220 - loadIPPluginJar : add stm32_wpan
2026-05-02 00:06:16,592 [INFO] IPUIPlugin:80 - create IPUIPlugin
2026-05-02 00:06:16,592 [INFO] PluginManager:220 - loadIPPluginJar : add tim
2026-05-02 00:06:16,595 [INFO] IPUIPlugin:80 - create IPUIPlugin
2026-05-02 00:06:16,595 [INFO] PluginManager:220 - loadIPPluginJar : add touchsensing
2026-05-02 00:06:16,597 [INFO] IPUIPlugin:80 - create IPUIPlugin
2026-05-02 00:06:16,597 [INFO] PluginManager:220 - loadIPPluginJar : add tracer_emb
2026-05-02 00:06:16,599 [INFO] IPUIPlugin:80 - create IPUIPlugin
2026-05-02 00:06:16,599 [INFO] PluginManager:220 - loadIPPluginJar : add ts
2026-05-02 00:06:16,600 [INFO] IPUIPlugin:80 - create IPUIPlugin
2026-05-02 00:06:16,600 [INFO] PluginManager:220 - loadIPPluginJar : add tsc
2026-05-02 00:06:16,602 [INFO] IPUIPlugin:80 - create IPUIPlugin
2026-05-02 00:06:16,603 [INFO] PluginManager:220 - loadIPPluginJar : add ucpd
2026-05-02 00:06:16,605 [INFO] IPUIPlugin:80 - create IPUIPlugin
2026-05-02 00:06:16,605 [INFO] PluginManager:220 - loadIPPluginJar : add usart
2026-05-02 00:06:16,607 [INFO] IPUIPlugin:80 - create IPUIPlugin
2026-05-02 00:06:16,607 [INFO] PluginManager:220 - loadIPPluginJar : add usbx
2026-05-02 00:06:16,732 [FATAL] Updater:351 - Updater called before beeing initialized
2026-05-02 00:06:16,752 [INFO] RulesReader:64 - Compatibility file has been processed (317 Rules)
2026-05-02 00:06:16,761 [INFO] RulesReader:64 - Compatibility file has been processed (317 Rules)
2026-05-02 00:06:16,768 [INFO] CADModel:165 - CPN selected for project level
2026-05-02 00:06:16,768 [INFO] CADModel:114 - Register for checkConnection events
2026-05-02 00:06:16,769 [FATAL] Updater:351 - Updater called before beeing initialized
2026-05-02 00:06:16,769 [ERROR] CADModel:125 - Updater not yet initialized, retry later 
2026-05-02 00:06:16,906 [FATAL] Updater:351 - Updater called before beeing initialized
2026-05-02 00:06:16,907 [INFO] CADModel:165 - CPN selected for project level
2026-05-02 00:06:16,907 [INFO] CADModel:114 - Register for checkConnection events
2026-05-02 00:06:16,907 [FATAL] Updater:351 - Updater called before beeing initialized
2026-05-02 00:06:16,907 [ERROR] CADModel:125 - Updater not yet initialized, retry later 
2026-05-02 00:06:16,910 [FATAL] Updater:351 - Updater called before beeing initialized
2026-05-02 00:06:17,017 [FATAL] Updater:351 - Updater called before beeing initialized
2026-05-02 00:06:17,021 [INFO] DbMcusAds:53 - JSON generation date=Mon Apr 27 15:14:29 ICT 2026 (1777277669683)
2026-05-02 00:06:17,021 [FATAL] Updater:351 - Updater called before beeing initialized
2026-05-02 00:06:17,050 [WARN] DetailPanel:346 - Failed to get advertising image, set to default
2026-05-02 00:06:17,135 [FATAL] Updater:351 - Updater called before beeing initialized
2026-05-02 00:06:17,136 [FATAL] Updater:351 - Updater called before beeing initialized
2026-05-02 00:06:17,137 [FATAL] Updater:351 - Updater called before beeing initialized
2026-05-02 00:06:17,137 [WARN] DetailPanel:346 - Failed to get advertising image, set to default
2026-05-02 00:06:17,138 [FATAL] Updater:351 - Updater called before beeing initialized
2026-05-02 00:06:17,196 [ERROR] Updater:1198 - MainUpdater not yet initialized. External WinMGr cannot be set.
2026-05-02 00:06:17,198 [INFO] Updater:1134 - Updater Version found : 6.15.0
2026-05-02 00:06:17,214 [INFO] ApplicationProperties:184 - Using Application install path: C:\ST\STM32CubeIDE_1.19.0\STM32CubeIDE\plugins\com.st.stm32cube.common.mx_6.15.0.202507011659
2026-05-02 00:06:18,783 [ERROR] LogOutputStream:75 - [STDERR_REDIRECT] May 02, 2026 12:06:18 AM java.util.prefs.WindowsPreferences <init>
2026-05-02 00:06:18,784 [ERROR] LogOutputStream:75 - [STDERR_REDIRECT] WARNING: Could not open/create prefs root node Software\JavaSoft\Prefs at root 0xffffffff80000002. Windows RegCreateKeyEx(...) returned error code 5.
2026-05-02 00:06:18,784 [ERROR] LogOutputStream:75 - [STDERR_REDIRECT] 
2026-05-02 00:06:19,039 [INFO] ThirdPartyUpdaterWithRetryManager:70 - Updater plugin not ready yet. [2/15]
2026-05-02 00:06:19,046 [INFO] MainUpdater:2872 - connection check result : 10
2026-05-02 00:06:19,048 [INFO] MainUpdater:289 - Updater Check For Update Now.
2026-05-02 00:06:19,048 [INFO] MicroXplorer:498 - Change Database Version : DB.6.0.150
2026-05-02 00:06:19,054 [INFO] McuFinderGlobals:63 - Set McuFinder mode to 2 (CubeIDE integrated)
2026-05-02 00:06:19,054 [INFO] UserAuth:487 - Internet connection configuration mode: 1
2026-05-02 00:06:19,071 [INFO] JxBrowserEngine:152 - Initiate JxBrowser Engine with user profile folder
2026-05-02 00:06:19,251 [INFO] CheckServerUpdateThread:120 - End of CheckServer Thread
2026-05-02 00:06:19,746 [INFO] WebApp:169 - Instantiating new browser for Auth
2026-05-02 00:06:20,408 [INFO] WebApp:463 - Apply proxy settings
2026-05-02 00:06:20,409 [INFO] WebApp:548 - Chromium requires no authentication
2026-05-02 00:06:20,415 [INFO] WebApp:491 - Direct internet connection detected
2026-05-02 00:06:20,436 [INFO] WebApp:900 - Register for checkConnection events
2026-05-02 00:06:20,436 [INFO] WebApp:463 - Apply proxy settings
2026-05-02 00:06:20,436 [INFO] WebApp:548 - Chromium requires no authentication
2026-05-02 00:06:20,437 [INFO] WebApp:491 - Direct internet connection detected
2026-05-02 00:06:20,588 [INFO] WebApp:225 - Starting web application
2026-05-02 00:06:20,588 [INFO] WebApp:593 - Web application path used C:\ST\STM32CubeIDE_1.19.0\STM32CubeIDE\plugins\com.st.stm32cube.common.mx_6.15.0.202507011659\db\plugins\mcufinder\reactClient1\index.html
2026-05-02 00:06:20,631 [INFO] WebApp:191 - Connection restablished
2026-05-02 00:06:20,689 [INFO] UserAuth:487 - Internet connection configuration mode: 1
2026-05-02 00:06:22,361 [WARN] PackLoader:240 - Cannot read IP mode file for STMicroelectronics.X-CUBE-AZRTOS-H7.3.5.0
2026-05-02 00:06:22,377 [WARN] PackLoader:240 - Cannot read IP mode file for STMicroelectronics.FP-SNS-MOTENVWB1.1.4.0
2026-05-02 00:06:22,394 [WARN] PackLoader:240 - Cannot read IP mode file for STMicroelectronics.FP-ATR-ASTRA1.2.0.2
2026-05-02 00:06:22,406 [WARN] PackLoader:240 - Cannot read IP mode file for STMicroelectronics.X-CUBE-SMBUS.2.1.0
2026-05-02 00:06:22,415 [WARN] PackLoader:240 - Cannot read IP mode file for STMicroelectronics.X-CUBE-ST60.1.0.0
2026-05-02 00:06:22,441 [WARN] PackLoader:240 - Cannot read IP mode file for STMicroelectronics.X-CUBE-AZRTOS-F7.1.1.0
2026-05-02 00:06:22,449 [WARN] PackLoader:240 - Cannot read IP mode file for Cesanta.I-CUBE-Mongoose.7.19.0
2026-05-02 00:06:22,614 [WARN] PackLoader:240 - Cannot read IP mode file for STMicroelectronics.FP-SNS-MOTENV1.5.1.0
2026-05-02 00:06:22,627 [WARN] PackLoader:240 - Cannot read IP mode file for WES.I-CUBE-Cesium.1.4.0
2026-05-02 00:06:22,653 [WARN] PackLoader:240 - Cannot read IP mode file for Infineon.AIROC-Wi-Fi-Bluetooth-STM32.1.7.1
2026-05-02 00:06:22,685 [WARN] PackLoader:240 - Cannot read IP mode file for STMicroelectronics.X-CUBE-AZRTOS-H7.3.4.0
2026-05-02 00:06:22,700 [WARN] PackLoader:240 - Cannot read IP mode file for STMicroelectronics.X-CUBE-DISPLAY.3.0.0
2026-05-02 00:06:22,713 [WARN] PackLoader:240 - Cannot read IP mode file for STMicroelectronics.X-CUBE-GNSS1.7.1.1
2026-05-02 00:06:22,721 [WARN] PackLoader:240 - Cannot read IP mode file for STMicroelectronics.FP-SNS-MOTENVWB1.1.5.0
2026-05-02 00:06:22,729 [WARN] PackLoader:240 - Cannot read IP mode file for STMicroelectronics.X-CUBE-NFC10.1.0.0
2026-05-02 00:06:22,735 [WARN] PackLoader:240 - Cannot read IP mode file for STMicroelectronics.X-CUBE-ST60.1.1.0
2026-05-02 00:06:22,741 [WARN] PackLoader:240 - Cannot read IP mode file for emotas.I-CUBE-CANOPEN.1.3.0
2026-05-02 00:06:22,745 [WARN] PackLoader:240 - Cannot read IP mode file for STMicroelectronics.X-CUBE-GNSS1.7.1.0
2026-05-02 00:06:22,754 [WARN] PackLoader:240 - Cannot read IP mode file for STMicroelectronics.FP-SNS-STBOX1.2.1.0
2026-05-02 00:06:22,762 [WARN] PackLoader:240 - Cannot read IP mode file for STMicroelectronics.FP-SNS-SMARTAG2.1.2.0
2026-05-02 00:06:22,767 [WARN] PackLoader:240 - Cannot read IP mode file for STMicroelectronics.FP-SNS-FLIGHT1.5.1.0
2026-05-02 00:06:22,775 [INFO] LogOutputStream:77 - [STDOUT_REDIRECT] 1 : Invalid condition id : UX_CORESTACK_Condition cause : null
2026-05-02 00:06:22,776 [INFO] LogOutputStream:77 - [STDOUT_REDIRECT] 1 : Invalid condition id : UX_CORESTACK_Condition cause : null
2026-05-02 00:06:22,777 [INFO] LogOutputStream:77 - [STDOUT_REDIRECT] 1 : Invalid condition id : UX_CORESTACK_Condition cause : null
2026-05-02 00:06:22,778 [INFO] LogOutputStream:77 - [STDOUT_REDIRECT] 1 : Invalid condition id : UX_CORESTACK_Condition cause : null
2026-05-02 00:06:22,779 [INFO] LogOutputStream:77 - [STDOUT_REDIRECT] 1 : Invalid condition id : UX_CORESTACK_Condition cause : null
2026-05-02 00:06:22,788 [WARN] PackLoader:240 - Cannot read IP mode file for STMicroelectronics.X-CUBE-AZRTOS-WL.2.0.0
2026-05-02 00:06:22,798 [WARN] PackLoader:240 - Cannot read IP mode file for STMicroelectronics.FP-SNS-MOTENV1.5.0.0
2026-05-02 00:06:22,826 [WARN] PackLoader:240 - Cannot read IP mode file for STMicroelectronics.X-CUBE-AZRTOS-H7RS.1.2.0
2026-05-02 00:06:22,836 [WARN] PackLoader:240 - Cannot read IP mode file for STMicroelectronics.X-CUBE-BLE2.3.3.0
2026-05-02 00:06:22,844 [WARN] PackLoader:240 - Cannot read IP mode file for STMicroelectronics.X-CUBE-NFC9.1.0.0
2026-05-02 00:06:22,876 [WARN] PackLoader:240 - Cannot read IP mode file for wolfSSL.I-CUBE-wolfSSL.5.8.2
2026-05-02 00:06:22,884 [WARN] PackLoader:240 - Cannot read IP mode file for STMicroelectronics.X-CUBE-BLE1.7.1.0
2026-05-02 00:06:22,892 [WARN] PackLoader:240 - Cannot read IP mode file for wolfSSL.I-CUBE-wolfMQTT.1.19.2
2026-05-02 00:06:22,902 [WARN] PackLoader:240 - Cannot read IP mode file for STMicroelectronics.X-CUBE-FREERTOS.1.4.0
2026-05-02 00:06:22,912 [WARN] PackLoader:240 - Cannot read IP mode file for STMicroelectronics.X-CUBE-EEPRMA1.5.2.0
2026-05-02 00:06:22,919 [WARN] PackLoader:240 - Cannot read IP mode file for STMicroelectronics.X-CUBE-ST67W61.1.1.0
2026-05-02 00:06:22,926 [WARN] PackLoader:240 - Cannot read IP mode file for STMicroelectronics.FP-SNS-STAIOTCFT.1.1.0
2026-05-02 00:06:22,973 [WARN] PackLoader:240 - Cannot read IP mode file for STMicroelectronics.X-CUBE-MEMS1.12.0.0
2026-05-02 00:06:23,078 [WARN] PackLoader:240 - Cannot read IP mode file for STMicroelectronics.X-CUBE-AZRTOS-G0.1.1.0
2026-05-02 00:06:23,087 [WARN] PackLoader:240 - Cannot read IP mode file for STMicroelectronics.X-CUBE-SAFEA1.1.2.2
2026-05-02 00:06:23,092 [WARN] PackLoader:240 - Cannot read IP mode file for STMicroelectronics.X-CUBE-NFC4.3.0.0
2026-05-02 00:06:23,101 [WARN] PackLoader:240 - Cannot read IP mode file for EmbeddedOffice.I-CUBE-FS-RTOS.1.0.1
2026-05-02 00:06:23,107 [WARN] PackLoader:240 - Cannot read IP mode file for STMicroelectronics.X-CUBE-WB05N.2.0.0
2026-05-02 00:06:23,111 [WARN] PackLoader:240 - Cannot read IP mode file for wolfSSL.I-CUBE-wolfTPM.3.8.0
2026-05-02 00:06:23,115 [WARN] PackLoader:240 - Cannot read IP mode file for STMicroelectronics.X-CUBE-TCPP.4.2.0
2026-05-02 00:06:23,121 [WARN] PackLoader:240 - Cannot read IP mode file for RealThread.X-CUBE-RT-Thread_Nano.4.1.1
2026-05-02 00:06:23,126 [WARN] PackLoader:240 - Cannot read IP mode file for STMicroelectronics.FP-ATR-SIGFOX1.3.2.0
2026-05-02 00:06:23,130 [WARN] PackLoader:240 - Cannot read IP mode file for STMicroelectronics.X-CUBE-FREERTOS.1.5.0
2026-05-02 00:06:23,137 [WARN] PackLoader:240 - Cannot read IP mode file for ITTIA_DB.I-CUBE-ITTIADB.8.9.0
2026-05-02 00:06:23,144 [WARN] PackLoader:240 - Cannot read IP mode file for STMicroelectronics.X-CUBE-NFC6.3.2.0
2026-05-02 00:06:23,152 [WARN] PackLoader:240 - Cannot read IP mode file for STMicroelectronics.X-CUBE-ST67W61.1.0.0
2026-05-02 00:06:23,154 [WARN] PackLoader:240 - Cannot read IP mode file for STMicroelectronics.X-CUBE-AI.10.2.0
2026-05-02 00:06:23,196 [WARN] PackLoader:240 - Cannot read IP mode file for STMicroelectronics.X-CUBE-MEMS1.12.1.0
2026-05-02 00:06:23,285 [WARN] PackLoader:240 - Cannot read IP mode file for SEGGER.I-CUBE-embOS.1.3.1
2026-05-02 00:06:23,311 [WARN] PackLoader:240 - Cannot read IP mode file for STMicroelectronics.X-CUBE-ALGOBUILD.1.4.0
2026-05-02 00:06:23,347 [WARN] PackLoader:240 - Cannot read IP mode file for STMicroelectronics.X-CUBE-MEMS1.11.3.0
2026-05-02 00:06:23,475 [WARN] PackLoader:240 - Cannot read IP mode file for STMicroelectronics.X-CUBE-PM33A1.1.0.0
2026-05-02 00:06:23,486 [WARN] PackLoader:240 - Cannot read IP mode file for STMicroelectronics.X-CUBE-AZRTOS-F4.1.1.0
2026-05-02 00:06:23,491 [WARN] PackLoader:240 - Cannot read IP mode file for STMicroelectronics.X-CUBE-ISPU.2.1.0
2026-05-02 00:06:23,500 [WARN] PackLoader:240 - Cannot read IP mode file for STMicroelectronics.X-CUBE-IPS.3.2.0
2026-05-02 00:06:23,508 [WARN] PackLoader:240 - Cannot read IP mode file for STMicroelectronics.eDS-WB_DPC_TT-BIDIR.2.1.1
2026-05-02 00:06:23,512 [WARN] PackLoader:240 - Cannot read IP mode file for STMicroelectronics.X-CUBE-NFC12.1.0.0
2026-05-02 00:06:23,525 [WARN] PackLoader:240 - Cannot read IP mode file for STMicroelectronics.X-CUBE-AZRTOS-L5.2.0.0
2026-05-02 00:06:23,535 [WARN] PackLoader:240 - Cannot read IP mode file for STMicroelectronics.X-CUBE-NFC6.3.1.0
2026-05-02 00:06:23,542 [WARN] PackLoader:240 - Cannot read IP mode file for STMicroelectronics.eDS-WB_DPC_VIENNA.1.2.0
2026-05-02 00:06:23,544 [WARN] PackLoader:240 - Cannot read IP mode file for STMicroelectronics.eDS-WB_DPC_3PH2L-BIDIR.1.1.1
2026-05-02 00:06:23,548 [ERROR] Engine:466 - C:\Users\tongl\.stm32cubemx\thirdparties\pdsc\STMicroelectronics.X-CUBE-ST67W61.1.3.0.pdsc: PDSC version is not supported
2026-05-02 00:06:23,552 [WARN] PackLoader:240 - Cannot read IP mode file for STMicroelectronics.X-CUBE-FREERTOS.1.3.1
2026-05-02 00:06:23,557 [WARN] PackLoader:240 - Cannot read IP mode file for STMicroelectronics.X-CUBE-TOUCHGFX.4.26.0
2026-05-02 00:06:23,559 [WARN] PackLoader:240 - Cannot read IP mode file for STMicroelectronics.X-CUBE-TOUCHGFX.4.26.1
2026-05-02 00:06:23,561 [WARN] PackLoader:240 - Cannot read IP mode file for STMicroelectronics.FP-SNS-STAIOTCFT.1.0.0
2026-05-02 00:06:23,566 [WARN] PackLoader:240 - Cannot read IP mode file for STMicroelectronics.X-CUBE-DPower.1.3.0
2026-05-02 00:06:23,582 [WARN] ConditionMgr:438 - getConditionDescription Invalid condition id : LAN8742 Phy interface Condition cause : null
2026-05-02 00:06:23,583 [WARN] PackLoader:240 - Cannot read IP mode file for STMicroelectronics.X-CUBE-AZRTOS-L4.2.0.0
2026-05-02 00:06:23,583 [WARN] ConditionMgr:1044 - genDependencies : Invalid condition id : LAN8742 Phy interface Condition cause : null
2026-05-02 00:06:23,584 [WARN] ConditionMgr:1044 - genDependencies : Invalid condition id : LAN8742 Phy interface Condition cause : null
2026-05-02 00:06:23,584 [WARN] ConditionMgr:1044 - genDependencies : Invalid condition id : LAN8742 Phy interface Condition cause : null
2026-05-02 00:06:23,590 [WARN] PackLoader:240 - Cannot read IP mode file for STMicroelectronics.X-CUBE-SFXS2LP1.4.0.0
2026-05-02 00:06:23,593 [WARN] PackLoader:240 - Cannot read IP mode file for STMicroelectronics.X-CUBE-WB05N.2.1.0
2026-05-02 00:06:23,598 [WARN] PackLoader:240 - Cannot read IP mode file for STMicroelectronics.X-CUBE-ST67W61.1.2.0
2026-05-02 00:06:23,610 [WARN] PackLoader:240 - Cannot read IP mode file for STMicroelectronics.X-CUBE-BLEMGR.4.1.0
2026-05-02 00:06:23,621 [WARN] ConditionMgr:438 - getConditionDescription Invalid condition id : UX DEVICE CLASS RTOS Condition cause : null
2026-05-02 00:06:23,621 [WARN] ConditionMgr:438 - getConditionDescription Invalid condition id : UX DEVICE CLASS RTOS Condition cause : null
2026-05-02 00:06:23,623 [WARN] PackLoader:240 - Cannot read IP mode file for STMicroelectronics.X-CUBE-AZRTOS-WB.2.0.0
2026-05-02 00:06:23,623 [WARN] ConditionMgr:1044 - genDependencies : Invalid condition id : UX DEVICE CLASS RTOS Condition cause : null
2026-05-02 00:06:23,623 [WARN] ConditionMgr:1044 - genDependencies : Invalid condition id : UX DEVICE CLASS RTOS Condition cause : null
2026-05-02 00:06:23,623 [WARN] ConditionMgr:1044 - genDependencies : Invalid condition id : UX DEVICE CLASS RTOS Condition cause : null
2026-05-02 00:06:23,624 [WARN] ConditionMgr:1044 - genDependencies : Invalid condition id : UX DEVICE CLASS RTOS Condition cause : null
2026-05-02 00:06:23,624 [WARN] ConditionMgr:1044 - genDependencies : Invalid condition id : UX DEVICE CLASS RTOS Condition cause : null
2026-05-02 00:06:23,628 [WARN] PackLoader:240 - Cannot read IP mode file for STMicroelectronics.X-CUBE-GNSS1.7.0.1
2026-05-02 00:06:23,632 [WARN] ConditionMgr:438 - getConditionDescription Invalid condition id : Cortex-A Device cause : null
2026-05-02 00:06:23,638 [WARN] ConditionMgr:1044 - genDependencies : Invalid condition id : Cortex-A Device cause : null
2026-05-02 00:06:23,638 [WARN] ConditionMgr:1044 - genDependencies : Invalid condition id : Cortex-A Device cause : null
2026-05-02 00:06:23,638 [WARN] ConditionMgr:1044 - genDependencies : Invalid condition id : Cortex-A Device cause : null
2026-05-02 00:06:23,644 [WARN] PackLoader:240 - Cannot read IP mode file for STMicroelectronics.X-CUBE-STSE01.2.0.0
2026-05-02 00:06:23,653 [WARN] PackLoader:240 - Cannot read IP mode file for STMicroelectronics.X-CUBE-SUBG2.5.0.0
2026-05-02 00:06:23,670 [WARN] PackLoader:240 - Cannot read IP mode file for STMicroelectronics.X-CUBE-AZRTOS-H7RS.1.1.0
2026-05-02 00:06:23,686 [WARN] PackLoader:240 - Cannot read IP mode file for STMicroelectronics.X-CUBE-AZRTOS-G4.2.0.0
2026-05-02 00:06:23,693 [WARN] PackLoader:240 - Cannot read IP mode file for wolfSSL.I-CUBE-wolfSSH.1.4.20
2026-05-02 00:06:23,697 [WARN] PackLoader:240 - Cannot read IP mode file for STMicroelectronics.X-CUBE-NFC7.2.0.0
2026-05-02 00:06:23,704 [WARN] PackLoader:240 - Cannot read IP mode file for STMicroelectronics.X-CUBE-IPS.3.1.0
2026-05-02 00:06:23,710 [WARN] PackLoader:240 - Cannot read IP mode file for STMicroelectronics.X-CUBE-ALS.1.0.2
2026-05-02 00:06:23,715 [WARN] PackLoader:240 - Cannot read IP mode file for STMicroelectronics.X-CUBE-STSE01.1.0.0
2026-05-02 00:06:23,724 [WARN] PackLoader:240 - Cannot read IP mode file for STMicroelectronics.X-CUBE-TOF1.3.4.3
2026-05-02 00:06:23,734 [INFO] ThirdParty:978 - Integrity check success = true
2026-05-02 00:06:23,734 [INFO] IntegrityCheckThread:100 - exiting critical section [integrity check]
2026-05-02 00:06:23,735 [INFO] IntegrityCheckThread:103 - End integrity checks thread
